[0m[[0m[0mdebug[0m] [0m[0m> Exec(run, Some(33b7a622-2394-4cc7-b417-853ee0a23060), Some(CommandSource(console0)))[0m
[0m[[0m[0mdebug[0m] [0m[0mEvaluating tasks: Compile / run[0m
[0m[[0m[0mdebug[0m] [0m[0mRunning task... Cancel: Signal, check cycles: false, forcegc: true[0m
[0m[[0m[0minfo[0m] [0m[0mUpdating [0m
[0m[[0m[0minfo[0m] [0m[0mResolved  dependencies[0m
[0m[[0m[0minfo[0m] [0m[0mFetching artifacts of [0m
[0m[[0m[0minfo[0m] [0m[0mFetched artifacts of [0m
[0m[[0m[0minfo[0m] [0m[0mcompiling 2 Scala sources to /Users/AlexDronov/Desktop/MSc Data Science/PDSS/CW2/target/scala-2.12/classes ...[0m
[0m[[0m[0minfo[0m] [0m[0mNon-compiled module 'compiler-bridge_2.12' for Scala 2.12.15. Compiling...[0m
[0m[[0m[0minfo[0m] [0m[0m  Compilation completed in 13.325s.[0m
[0m[[0m[33mwarn[0m] [0m[0mCompile / run / javaOptions will be ignored, Compile / run / fork is set to false[0m
[0m[[0m[0mdebug[0m] [0m[0mForcing garbage collection...[0m
[0m[[0m[31merror[0m] [0m[0mscala.NotImplementedError: an implementation is missing[0m
[0m[[0m[31merror[0m] [0m[0m	at scala.Predef$.$qmark$qmark$qmark(Predef.scala:288)[0m
[0m[[0m[31merror[0m] [0m[0m	at imdb.ImdbSpark$.task1(ImdbSpark.scala:62)[0m
[0m[[0m[31merror[0m] [0m[0m	at imdb.ImdbSpark$.$anonfun$main$1(ImdbSpark.scala:33)[0m
[0m[[0m[31merror[0m] [0m[0m	at imdb.ImdbSpark$.timed(ImdbSpark.scala:115)[0m
[0m[[0m[31merror[0m] [0m[0m	at imdb.ImdbSpark$.main(ImdbSpark.scala:33)[0m
[0m[[0m[31merror[0m] [0m[0m	at imdb.ImdbSpark.main(ImdbSpark.scala)[0m
[0m[[0m[31merror[0m] [0m[0m	at sun.reflect.NativeMethodAccessorImpl.invoke0(Native Method)[0m
[0m[[0m[31merror[0m] [0m[0m	at sun.reflect.NativeMethodAccessorImpl.invoke(NativeMethodAccessorImpl.java:62)[0m
[0m[[0m[31merror[0m] [0m[0m	at sun.reflect.DelegatingMethodAccessorImpl.invoke(DelegatingMethodAccessorImpl.java:43)[0m
[0m[[0m[31merror[0m] [0m[0m	at java.lang.reflect.Method.invoke(Method.java:498)[0m
[0m[[0m[31merror[0m] [0m[0m	at sbt.Run.invokeMain(Run.scala:144)[0m
[0m[[0m[31merror[0m] [0m[0m	at sbt.Run.execute$1(Run.scala:94)[0m
[0m[[0m[31merror[0m] [0m[0m	at sbt.Run.$anonfun$runWithLoader$5(Run.scala:121)[0m
[0m[[0m[31merror[0m] [0m[0m	at sbt.Run$.executeSuccess(Run.scala:187)[0m
[0m[[0m[31merror[0m] [0m[0m	at sbt.Run.runWithLoader(Run.scala:121)[0m
[0m[[0m[31merror[0m] [0m[0m	at sbt.Defaults$.$anonfun$bgRunTask$6(Defaults.scala:1988)[0m
[0m[[0m[31merror[0m] [0m[0m	at sbt.Defaults$.$anonfun$termWrapper$2(Defaults.scala:1927)[0m
[0m[[0m[31merror[0m] [0m[0m	at scala.runtime.java8.JFunction0$mcV$sp.apply(JFunction0$mcV$sp.java:23)[0m
[0m[[0m[31merror[0m] [0m[0m	at scala.util.Try$.apply(Try.scala:213)[0m
[0m[[0m[31merror[0m] [0m[0m	at sbt.internal.BackgroundThreadPool$BackgroundRunnable.run(DefaultBackgroundJobService.scala:367)[0m
[0m[[0m[31merror[0m] [0m[0m	at java.util.concurrent.ThreadPoolExecutor.runWorker(ThreadPoolExecutor.java:1149)[0m
[0m[[0m[31merror[0m] [0m[0m	at java.util.concurrent.ThreadPoolExecutor$Worker.run(ThreadPoolExecutor.java:624)[0m
[0m[[0m[31merror[0m] [0m[0m	at java.lang.Thread.run(Thread.java:750)[0m
[0m[[0m[31merror[0m] [0m[0m(Compile / [31mrun[0m) scala.NotImplementedError: an implementation is missing[0m
[0m[[0m[31merror[0m] [0m[0mTotal time: 51 s, completed 03-Nov-2024 17:57:47[0m
[0m[[0m[0mdebug[0m] [0m[0m> Exec(shell, None, None)[0m
